<?xml version="1.0" encoding="UTF-8"?>
<testng-results skipped="0" failed="0" total="1" passed="1">
  <reporter-output>
  </reporter-output>
  <suite name="Default suite" duration-ms="11795" started-at="2017-09-11T09:28:23Z" finished-at="2017-09-11T09:28:35Z">
    <groups>
    </groups>
    <test name="Default test" duration-ms="11795" started-at="2017-09-11T09:28:23Z" finished-at="2017-09-11T09:28:35Z">
      <class name="training_package.Execute_JavaScript_Code">
        <test-method status="PASS" signature="Login()[pri:0, instance:training_package.Execute_JavaScript_Code@7dc7cbad]" name="Login" duration-ms="11773" started-at="2017-09-11T14:58:24Z" finished-at="2017-09-11T14:58:35Z">
          <reporter-output>
          </reporter-output>
        </test-method> <!-- Login -->
      </class> <!-- training_package.Execute_JavaScript_Code -->
    </test> <!-- Default test -->
  </suite> <!-- Default suite -->
</testng-results>
